<?xml version="1.0" encoding="UTF-8"?>
<!-- Generated by org.testng.reporters.JUnitReportReporter -->
<testsuite hostname="Kushals-Air" failures="0" tests="2" name="com.amazon.qa.testcases.CustServicesTest" time="15.360" errors="0" timestamp="2023-06-07T20:14:59 EDT" skipped="0">
  <testcase classname="com.amazon.qa.testcases.CustServicesTest" name="verifyCustLabel" time="8.800"/>
  <system-out/>
  <testcase classname="com.amazon.qa.testcases.CustServicesTest" name="verifyCustpgName" time="6.560"/>
  <system-out/>
</testsuite> <!-- com.amazon.qa.testcases.CustServicesTest -->
