<?xml version="1.0" encoding="UTF-8"?>
<!-- Generated by org.testng.reporters.JUnitReportReporter -->
<testsuite hostname="Kushals-Air" failures="0" tests="2" name="com.amazon.qa.testcases.LoginPageTest" time="9.672" errors="0" timestamp="2023-06-06T22:14:31 EDT" skipped="0">
  <testcase classname="com.amazon.qa.testcases.LoginPageTest" name="ValidateTitle" time="3.200"/>
  <system-out/>
  <testcase classname="com.amazon.qa.testcases.LoginPageTest" name="loginTest" time="6.472"/>
  <system-out/>
</testsuite> <!-- com.amazon.qa.testcases.LoginPageTest -->
