<?xml version="1.0" encoding="UTF-8"?>
<!-- Generated by org.testng.reporters.JUnitReportReporter -->
<testsuite hostname="Kushals-Air" failures="0" tests="6" name="com.amazon.qa.testcases.SearchResultTest" time="45.383" errors="0" timestamp="2023-06-07T20:16:35 EDT" skipped="0">
  <testcase classname="com.amazon.qa.testcases.SearchResultTest" name="ValidateTitle" time="5.730"/>
  <system-out/>
  <testcase classname="com.amazon.qa.testcases.SearchResultTest" name="newItemSearch" time="7.953"/>
  <system-out/>
  <testcase classname="com.amazon.qa.testcases.SearchResultTest" name="newItemSearch" time="7.880"/>
  <system-out/>
  <testcase classname="com.amazon.qa.testcases.SearchResultTest" name="newItemSearch" time="7.845"/>
  <system-out/>
  <testcase classname="com.amazon.qa.testcases.SearchResultTest" name="newItemSearch" time="8.280"/>
  <system-out/>
  <testcase classname="com.amazon.qa.testcases.SearchResultTest" name="newItemSearch" time="7.695"/>
  <system-out/>
</testsuite> <!-- com.amazon.qa.testcases.SearchResultTest -->
