<?xml version="1.0" encoding="UTF-8"?>
<!-- Generated by org.testng.reporters.JUnitReportReporter -->
<testsuite hostname="Kushals-Air" failures="0" tests="3" name="com.amazon.qa.testcases.HomePageTest" time="17.146" errors="0" timestamp="2023-06-06T22:06:21 EDT" skipped="0">
  <testcase classname="com.amazon.qa.testcases.HomePageTest" name="ValidateTitle" time="5.397"/>
  <system-out/>
  <testcase classname="com.amazon.qa.testcases.HomePageTest" name="verifyUsernameTest" time="5.523"/>
  <system-out/>
  <testcase classname="com.amazon.qa.testcases.HomePageTest" name="verifyCustSrvPage" time="6.226"/>
  <system-out/>
</testsuite> <!-- com.amazon.qa.testcases.HomePageTest -->
